<?xml version="1.0" encoding="UTF-8"?>
<!-- Generated by org.testng.reporters.JUnitReportReporter -->
<testsuite skipped="2" hostname="DESKTOP-A9DN365" name="com.testNg.testNgAnnotations" tests="5" failures="0" timestamp="25 Jan 2022 17:54:17 GMT" time="0.026" errors="0">
  <testcase name="Testcase2" time="0.014" classname="com.testNg.testNgAnnotations"/>
  <testcase name="Testcase3" time="0.009" classname="com.testNg.testNgAnnotations"/>
  <testcase name="testcase1" time="0.003" classname="com.testNg.testNgAnnotations"/>
  <testcase name="testcase3" classname="com.testNg.testNgAnnotations">
    <skipped/>
  </testcase> <!-- testcase3 -->
  <testcase name="testcase5" classname="com.testNg.testNgAnnotations">
    <skipped/>
  </testcase> <!-- testcase5 -->
</testsuite> <!-- com.testNg.testNgAnnotations -->
